I, [2018-07-11T19:28:50.598168 #20005]  INFO -- : method=GET path=/ format=html controller=CitySelectController action=index status=200 duration=130.87 view=23.83 db=93.10 params={}
I, [2018-07-11T19:28:50.679514 #20005]  INFO -- : method=GET path=/stylesheets/trimmed.css format=css controller=ApplicationController action=route_not_found status=301 duration=0.72 view=0.00 db=0.00 location=https://www.wasgehtheuteab.de:3000/ params={"unmatched_route"=>"stylesheets/trimmed", "format"=>"css"}
I, [2018-07-11T19:28:51.430821 #20005]  INFO -- : method=GET path=/images/favicon.ico format= controller=ApplicationController action=route_not_found status=301 duration=0.50 view=0.00 db=0.00 location=https://www.wasgehtheuteab.de:3000/ params={"unmatched_route"=>"images/favicon", "format"=>"ico"}
I, [2018-07-11T19:28:51.584955 #20005]  INFO -- : method=GET path=/images/favicon.ico format= controller=ApplicationController action=route_not_found status=301 duration=0.57 view=0.00 db=0.00 location=https://www.wasgehtheuteab.de:3000/ params={"unmatched_route"=>"images/favicon", "format"=>"ico"}
I, [2018-07-11T19:28:51.743560 #20005]  INFO -- : method=GET path=/images/favicon.ico format= controller=ApplicationController action=route_not_found status=301 duration=0.46 view=0.00 db=0.00 location=https://www.wasgehtheuteab.de:3000/ params={"unmatched_route"=>"images/favicon", "format"=>"ico"}
I, [2018-07-11T19:29:00.785827 #20005]  INFO -- : method=GET path=/ format=html controller=CitySelectController action=index status=200 duration=8.27 view=5.84 db=0.53 params={}
I, [2018-07-11T19:29:00.879678 #20005]  INFO -- : method=GET path=/stylesheets/trimmed.css format=css controller=ApplicationController action=route_not_found status=301 duration=0.46 view=0.00 db=0.00 location=https://www.wasgehtheuteab.de:3000/ params={"unmatched_route"=>"stylesheets/trimmed", "format"=>"css"}
I, [2018-07-11T19:29:01.531975 #20005]  INFO -- : method=GET path=/images/favicon.ico format= controller=ApplicationController action=route_not_found status=301 duration=0.44 view=0.00 db=0.00 location=https://www.wasgehtheuteab.de:3000/ params={"unmatched_route"=>"images/favicon", "format"=>"ico"}
I, [2018-07-11T19:29:01.687395 #20005]  INFO -- : method=GET path=/images/favicon.ico format= controller=ApplicationController action=route_not_found status=301 duration=0.56 view=0.00 db=0.00 location=https://www.wasgehtheuteab.de:3000/ params={"unmatched_route"=>"images/favicon", "format"=>"ico"}
I, [2018-07-11T19:29:01.840534 #20005]  INFO -- : method=GET path=/images/favicon.ico format= controller=ApplicationController action=route_not_found status=301 duration=0.46 view=0.00 db=0.00 location=https://www.wasgehtheuteab.de:3000/ params={"unmatched_route"=>"images/favicon", "format"=>"ico"}
I, [2018-07-11T19:29:10.467949 #20005]  INFO -- : method=GET path=/ format=html controller=CitySelectController action=index status=200 duration=14.67 view=9.96 db=2.42 params={}
I, [2018-07-11T19:29:10.581759 #20005]  INFO -- : method=GET path=/stylesheets/trimmed.css format=css controller=ApplicationController action=route_not_found status=301 duration=0.50 view=0.00 db=0.00 location=https://www.wasgehtheuteab.de:3000/ params={"unmatched_route"=>"stylesheets/trimmed", "format"=>"css"}
I, [2018-07-11T19:29:11.180338 #20005]  INFO -- : method=GET path=/images/favicon.ico format= controller=ApplicationController action=route_not_found status=301 duration=0.44 view=0.00 db=0.00 location=https://www.wasgehtheuteab.de:3000/ params={"unmatched_route"=>"images/favicon", "format"=>"ico"}
I, [2018-07-11T19:29:11.333195 #20005]  INFO -- : method=GET path=/images/favicon.ico format= controller=ApplicationController action=route_not_found status=301 duration=0.51 view=0.00 db=0.00 location=https://www.wasgehtheuteab.de:3000/ params={"unmatched_route"=>"images/favicon", "format"=>"ico"}
I, [2018-07-11T19:29:11.483931 #20005]  INFO -- : method=GET path=/images/favicon.ico format= controller=ApplicationController action=route_not_found status=301 duration=0.48 view=0.00 db=0.00 location=https://www.wasgehtheuteab.de:3000/ params={"unmatched_route"=>"images/favicon", "format"=>"ico"}
I, [2018-07-11T19:29:46.842698 #20005]  INFO -- : method=GET path=/ format=html controller=CitySelectController action=index status=200 duration=10.04 view=7.01 db=0.71 params={}
I, [2018-07-11T19:29:46.894774 #20005]  INFO -- : method=GET path=/stylesheets/trimmed.css format=css controller=ApplicationController action=route_not_found status=301 duration=0.50 view=0.00 db=0.00 location=https://www.wasgehtheuteab.de:3000/ params={"unmatched_route"=>"stylesheets/trimmed", "format"=>"css"}
I, [2018-07-11T19:29:47.514421 #20005]  INFO -- : method=GET path=/images/favicon.ico format= controller=ApplicationController action=route_not_found status=301 duration=0.53 view=0.00 db=0.00 location=https://www.wasgehtheuteab.de:3000/ params={"unmatched_route"=>"images/favicon", "format"=>"ico"}
I, [2018-07-11T19:29:47.668753 #20005]  INFO -- : method=GET path=/images/favicon.ico format= controller=ApplicationController action=route_not_found status=301 duration=0.47 view=0.00 db=0.00 location=https://www.wasgehtheuteab.de:3000/ params={"unmatched_route"=>"images/favicon", "format"=>"ico"}
I, [2018-07-11T19:29:47.824519 #20005]  INFO -- : method=GET path=/images/favicon.ico format= controller=ApplicationController action=route_not_found status=301 duration=0.65 view=0.00 db=0.00 location=https://www.wasgehtheuteab.de:3000/ params={"unmatched_route"=>"images/favicon", "format"=>"ico"}
I, [2018-07-11T19:30:06.010142 #20005]  INFO -- : method=GET path=/ format=html controller=CitySelectController action=index status=200 duration=10.26 view=7.13 db=0.76 params={}
I, [2018-07-11T19:30:06.069464 #20005]  INFO -- : method=GET path=/stylesheets/trimmed.css format=css controller=ApplicationController action=route_not_found status=301 duration=0.61 view=0.00 db=0.00 location=https://www.wasgehtheuteab.de:3000/ params={"unmatched_route"=>"stylesheets/trimmed", "format"=>"css"}
I, [2018-07-11T19:30:06.685248 #20005]  INFO -- : method=GET path=/images/favicon.ico format= controller=ApplicationController action=route_not_found status=301 duration=0.56 view=0.00 db=0.00 location=https://www.wasgehtheuteab.de:3000/ params={"unmatched_route"=>"images/favicon", "format"=>"ico"}
I, [2018-07-11T19:30:06.846253 #20005]  INFO -- : method=GET path=/images/favicon.ico format= controller=ApplicationController action=route_not_found status=301 duration=0.57 view=0.00 db=0.00 location=https://www.wasgehtheuteab.de:3000/ params={"unmatched_route"=>"images/favicon", "format"=>"ico"}
I, [2018-07-11T19:30:07.007178 #20005]  INFO -- : method=GET path=/images/favicon.ico format= controller=ApplicationController action=route_not_found status=301 duration=0.52 view=0.00 db=0.00 location=https://www.wasgehtheuteab.de:3000/ params={"unmatched_route"=>"images/favicon", "format"=>"ico"}
I, [2018-07-11T19:30:14.359387 #20005]  INFO -- : method=GET path=/ format=html controller=CitySelectController action=index status=200 duration=11.21 view=8.64 db=0.67 params={}
I, [2018-07-11T19:30:14.409575 #20005]  INFO -- : method=GET path=/stylesheets/trimmed.css format=css controller=ApplicationController action=route_not_found status=301 duration=0.65 view=0.00 db=0.00 location=https://www.wasgehtheuteab.de:3000/ params={"unmatched_route"=>"stylesheets/trimmed", "format"=>"css"}
I, [2018-07-11T19:30:14.676739 #20005]  INFO -- : method=GET path=/images/favicon.ico format= controller=ApplicationController action=route_not_found status=301 duration=0.67 view=0.00 db=0.00 location=https://www.wasgehtheuteab.de:3000/ params={"unmatched_route"=>"images/favicon", "format"=>"ico"}
I, [2018-07-11T19:30:14.834460 #20005]  INFO -- : method=GET path=/images/favicon.ico format= controller=ApplicationController action=route_not_found status=301 duration=0.55 view=0.00 db=0.00 location=https://www.wasgehtheuteab.de:3000/ params={"unmatched_route"=>"images/favicon", "format"=>"ico"}
I, [2018-07-11T19:30:14.991587 #20005]  INFO -- : method=GET path=/images/favicon.ico format= controller=ApplicationController action=route_not_found status=301 duration=0.59 view=0.00 db=0.00 location=https://www.wasgehtheuteab.de:3000/ params={"unmatched_route"=>"images/favicon", "format"=>"ico"}
I, [2018-07-11T19:30:41.646789 #20005]  INFO -- : method=GET path=/berlin format=html controller=EventsController action=index status=200 duration=35.67 view=22.14 db=1.36 params={"area"=>"berlin"}
I, [2018-07-11T19:30:41.738967 #20005]  INFO -- : method=GET path=/stylesheets/application.css format=css controller=ApplicationController action=route_not_found status=301 duration=0.47 view=0.00 db=0.00 location=https://www.wasgehtheuteab.de:3000/ params={"unmatched_route"=>"stylesheets/application", "format"=>"css"}
I, [2018-07-11T19:30:41.749794 #20005]  INFO -- : method=GET path=/javascripts/application.js format=js controller=ApplicationController action=route_not_found status=301 duration=0.57 view=0.00 db=0.00 location=https://www.wasgehtheuteab.de:3000/ params={"unmatched_route"=>"javascripts/application", "format"=>"js"}
I, [2018-07-11T19:30:42.141350 #20005]  INFO -- : method=GET path=/images/logo.png format=png controller=ApplicationController action=route_not_found status=301 duration=0.45 view=0.00 db=0.00 location=https://www.wasgehtheuteab.de:3000/ params={"unmatched_route"=>"images/logo", "format"=>"png"}
I, [2018-07-11T19:30:43.041156 #20005]  INFO -- : method=GET path=/images/favicon.ico format= controller=ApplicationController action=route_not_found status=301 duration=0.53 view=0.00 db=0.00 location=https://www.wasgehtheuteab.de:3000/ params={"unmatched_route"=>"images/favicon", "format"=>"ico"}
I, [2018-07-11T19:30:43.184152 #20005]  INFO -- : method=GET path=/images/favicon.ico format= controller=ApplicationController action=route_not_found status=301 duration=0.44 view=0.00 db=0.00 location=https://www.wasgehtheuteab.de:3000/ params={"unmatched_route"=>"images/favicon", "format"=>"ico"}
I, [2018-07-11T19:30:43.338099 #20005]  INFO -- : method=GET path=/images/favicon.png format=png controller=ApplicationController action=route_not_found status=301 duration=0.56 view=0.00 db=0.00 location=https://www.wasgehtheuteab.de:3000/ params={"unmatched_route"=>"images/favicon", "format"=>"png"}
I, [2018-07-11T19:30:47.467248 #20005]  INFO -- : method=GET path=/users/auth/facebook format=html controller=Users::OmniauthCallbacksController action=passthru status=404 duration=2.16 view=0.65 db=0.17 params={"area"=>"berlin"}
I, [2018-07-11T19:30:47.740041 #20005]  INFO -- : method=GET path=/favicon.ico format= controller=EventsController action=index status=301 duration=1.48 view=0.00 db=0.38 location=https://www.wasgehtheuteab.de:3000/ params={"area"=>"favicon", "format"=>"ico"}
I, [2018-07-11T19:30:49.923135 #20005]  INFO -- : method=GET path=/berlin format=html controller=EventsController action=index status=200 duration=16.50 view=7.73 db=1.34 params={"area"=>"berlin"}
I, [2018-07-11T19:30:49.993001 #20005]  INFO -- : method=GET path=/stylesheets/application.css format=css controller=ApplicationController action=route_not_found status=301 duration=0.56 view=0.00 db=0.00 location=https://www.wasgehtheuteab.de:3000/ params={"unmatched_route"=>"stylesheets/application", "format"=>"css"}
I, [2018-07-11T19:30:50.003544 #20005]  INFO -- : method=GET path=/javascripts/application.js format=js controller=ApplicationController action=route_not_found status=301 duration=0.54 view=0.00 db=0.00 location=https://www.wasgehtheuteab.de:3000/ params={"unmatched_route"=>"javascripts/application", "format"=>"js"}
I, [2018-07-11T19:30:50.205705 #20005]  INFO -- : method=GET path=/images/logo.png format=png controller=ApplicationController action=route_not_found status=301 duration=0.61 view=0.00 db=0.00 location=https://www.wasgehtheuteab.de:3000/ params={"unmatched_route"=>"images/logo", "format"=>"png"}
I, [2018-07-11T19:30:50.633773 #20005]  INFO -- : method=GET path=/images/favicon.ico format= controller=ApplicationController action=route_not_found status=301 duration=0.50 view=0.00 db=0.00 location=https://www.wasgehtheuteab.de:3000/ params={"unmatched_route"=>"images/favicon", "format"=>"ico"}
I, [2018-07-11T19:30:50.788884 #20005]  INFO -- : method=GET path=/images/favicon.ico format= controller=ApplicationController action=route_not_found status=301 duration=0.54 view=0.00 db=0.00 location=https://www.wasgehtheuteab.de:3000/ params={"unmatched_route"=>"images/favicon", "format"=>"ico"}
I, [2018-07-11T19:30:50.941458 #20005]  INFO -- : method=GET path=/images/favicon.png format=png controller=ApplicationController action=route_not_found status=301 duration=0.50 view=0.00 db=0.00 location=https://www.wasgehtheuteab.de:3000/ params={"unmatched_route"=>"images/favicon", "format"=>"png"}
I, [2018-07-11T19:30:57.994218 #20005]  INFO -- : method=GET path=/ format=html controller=CitySelectController action=index status=200 duration=9.99 view=6.51 db=0.72 params={}
I, [2018-07-11T19:30:58.143528 #20005]  INFO -- : method=GET path=/stylesheets/trimmed.css format=css controller=ApplicationController action=route_not_found status=301 duration=0.55 view=0.00 db=0.00 location=https://www.wasgehtheuteab.de:3000/ params={"unmatched_route"=>"stylesheets/trimmed", "format"=>"css"}
I, [2018-07-11T19:30:58.347063 #20005]  INFO -- : method=GET path=/images/favicon.ico format= controller=ApplicationController action=route_not_found status=301 duration=0.55 view=0.00 db=0.00 location=https://www.wasgehtheuteab.de:3000/ params={"unmatched_route"=>"images/favicon", "format"=>"ico"}
I, [2018-07-11T19:30:58.508836 #20005]  INFO -- : method=GET path=/images/favicon.ico format= controller=ApplicationController action=route_not_found status=301 duration=0.44 view=0.00 db=0.00 location=https://www.wasgehtheuteab.de:3000/ params={"unmatched_route"=>"images/favicon", "format"=>"ico"}
I, [2018-07-11T19:30:58.664943 #20005]  INFO -- : method=GET path=/images/favicon.ico format= controller=ApplicationController action=route_not_found status=301 duration=0.99 view=0.00 db=0.00 location=https://www.wasgehtheuteab.de:3000/ params={"unmatched_route"=>"images/favicon", "format"=>"ico"}
